<?xml version="1.0" encoding="UTF-8"?>
<?totaltestVersion 18.3.1.v20180327-2102_9?>
<!--Topaz for Total Test 18.3.1.v20180327-2102_9 01.06.2018 22:37:11-->
<testExecutions version="1">
  <file path="C:\Users\cwde-rnuesse\git\FTSDEMO_RXN1_Unit_Tests\CWXTSUBC_Unit_Tests\Unit Test\Scenarios\CWXTSUBC_Mgmt.testscenario">
    <testCase duration="0" name="Project: 'CWXTSUBC_Unit_Tests' Scenario: 'CWXTSUBC_Mgmt' Testcase: 'CWXTSUBCCase1' Test: Check for EMP_TYPE'">
      <failure message="Check for EMP_TYPE failed">Check for EMP_TYPE failed

Actual Value:    		M

Expected Value:  S</failure>
    </testCase>
    <testCase duration="0" name="Project: 'CWXTSUBC_Unit_Tests' Scenario: 'CWXTSUBC_Mgmt' Testcase: 'CWXTSUBCCase1' Test: Check for SALES_AMOUNT'"/>
    <testCase duration="0" name="Project: 'CWXTSUBC_Unit_Tests' Scenario: 'CWXTSUBC_Mgmt' Testcase: 'CWXTSUBCCase1' Test: Check for COMM_TOTAL'">
      <failure message="Check for COMM_TOTAL failed">Check for COMM_TOTAL failed

Actual Value:    		1100.00

Expected Value:  3300.00</failure>
    </testCase>
  </file>
  <file path="C:\Users\cwde-rnuesse\git\FTSDEMO_RXN1_Unit_Tests\CWXTSUBC_Unit_Tests\Unit Test\Scenarios\CWXTSUBC_Mgmt.testscenario">
    <testCase duration="0" name="Project: 'CWXTSUBC_Unit_Tests' Scenario: 'CWXTSUBC_Mgmt' Testcase: 'CWXTSUBCCase2' Test: Check for EMP_TYPE'">
      <failure message="Check for EMP_TYPE failed">Check for EMP_TYPE failed

Actual Value:    		M

Expected Value:  S</failure>
    </testCase>
    <testCase duration="0" name="Project: 'CWXTSUBC_Unit_Tests' Scenario: 'CWXTSUBC_Mgmt' Testcase: 'CWXTSUBCCase2' Test: Check for SALES_AMOUNT'"/>
    <testCase duration="0" name="Project: 'CWXTSUBC_Unit_Tests' Scenario: 'CWXTSUBC_Mgmt' Testcase: 'CWXTSUBCCase2' Test: Check for COMM_TOTAL'">
      <failure message="Check for COMM_TOTAL failed">Check for COMM_TOTAL failed

Actual Value:    		500.00

Expected Value:  1000.00</failure>
    </testCase>
  </file>
  <file path="C:\Users\cwde-rnuesse\git\FTSDEMO_RXN1_Unit_Tests\CWXTSUBC_Unit_Tests\Unit Test\Scenarios\CWXTSUBC_Mgmt.testscenario">
    <testCase duration="0" name="Project: 'CWXTSUBC_Unit_Tests' Scenario: 'CWXTSUBC_Mgmt' Testcase: 'CWXTSUBCCase3' Test: Check for EMP_TYPE'">
      <failure message="Check for EMP_TYPE failed">Check for EMP_TYPE failed

Actual Value:    		M

Expected Value:  S</failure>
    </testCase>
    <testCase duration="0" name="Project: 'CWXTSUBC_Unit_Tests' Scenario: 'CWXTSUBC_Mgmt' Testcase: 'CWXTSUBCCase3' Test: Check for SALES_AMOUNT'"/>
    <testCase duration="0" name="Project: 'CWXTSUBC_Unit_Tests' Scenario: 'CWXTSUBC_Mgmt' Testcase: 'CWXTSUBCCase3' Test: Check for COMM_TOTAL'">
      <failure message="Check for COMM_TOTAL failed">Check for COMM_TOTAL failed

Actual Value:    		1500.00

Expected Value:  6000.00</failure>
    </testCase>
  </file>
  <file path="C:\Users\cwde-rnuesse\git\FTSDEMO_RXN1_Unit_Tests\CWXTSUBC_Unit_Tests\Unit Test\Scenarios\CWXTSUBC_Mgmt.testscenario">
    <testCase duration="0" name="Project: 'CWXTSUBC_Unit_Tests' Scenario: 'CWXTSUBC_Mgmt' Testcase: 'CWXTSUBCCase4' Test: Check for EMP_TYPE'">
      <failure message="Check for EMP_TYPE failed">Check for EMP_TYPE failed

Actual Value:    		M

Expected Value:  S</failure>
    </testCase>
    <testCase duration="0" name="Project: 'CWXTSUBC_Unit_Tests' Scenario: 'CWXTSUBC_Mgmt' Testcase: 'CWXTSUBCCase4' Test: Check for SALES_AMOUNT'"/>
    <testCase duration="0" name="Project: 'CWXTSUBC_Unit_Tests' Scenario: 'CWXTSUBC_Mgmt' Testcase: 'CWXTSUBCCase4' Test: Check for COMM_TOTAL'">
      <failure message="Check for COMM_TOTAL failed">Check for COMM_TOTAL failed

Actual Value:    		1111.00

Expected Value:  3333.00</failure>
    </testCase>
  </file>
  <file path="C:\Users\cwde-rnuesse\git\FTSDEMO_RXN1_Unit_Tests\CWXTSUBC_Unit_Tests\Unit Test\Scenarios\CWXTSUBC_Mgmt.testscenario">
    <testCase duration="0" name="Project: 'CWXTSUBC_Unit_Tests' Scenario: 'CWXTSUBC_Mgmt' Testcase: 'CWXTSUBCCase5' Test: Check for EMP_TYPE'">
      <failure message="Check for EMP_TYPE failed">Check for EMP_TYPE failed

Actual Value:    		M

Expected Value:  S</failure>
    </testCase>
    <testCase duration="0" name="Project: 'CWXTSUBC_Unit_Tests' Scenario: 'CWXTSUBC_Mgmt' Testcase: 'CWXTSUBCCase5' Test: Check for SALES_AMOUNT'"/>
    <testCase duration="0" name="Project: 'CWXTSUBC_Unit_Tests' Scenario: 'CWXTSUBC_Mgmt' Testcase: 'CWXTSUBCCase5' Test: Check for COMM_TOTAL'">
      <failure message="Check for COMM_TOTAL failed">Check for COMM_TOTAL failed

Actual Value:    		1500.00

Expected Value:  6000.00</failure>
    </testCase>
  </file>
  <file path="C:\Users\cwde-rnuesse\git\FTSDEMO_RXN1_Unit_Tests\CWXTSUBC_Unit_Tests\Unit Test\Scenarios\CWXTSUBC_Mgmt.testscenario">
    <testCase duration="0" name="Project: 'CWXTSUBC_Unit_Tests' Scenario: 'CWXTSUBC_Mgmt' Testcase: 'CWXTSUBCCase6' Test: Check for EMP_TYPE'">
      <failure message="Check for EMP_TYPE failed">Check for EMP_TYPE failed

Actual Value:    		M

Expected Value:  S</failure>
    </testCase>
    <testCase duration="0" name="Project: 'CWXTSUBC_Unit_Tests' Scenario: 'CWXTSUBC_Mgmt' Testcase: 'CWXTSUBCCase6' Test: Check for SALES_AMOUNT'"/>
    <testCase duration="0" name="Project: 'CWXTSUBC_Unit_Tests' Scenario: 'CWXTSUBC_Mgmt' Testcase: 'CWXTSUBCCase6' Test: Check for COMM_TOTAL'">
      <failure message="Check for COMM_TOTAL failed">Check for COMM_TOTAL failed

Actual Value:    		560.00

Expected Value:  1120.00</failure>
    </testCase>
  </file>
  <file path="C:\Users\cwde-rnuesse\git\FTSDEMO_RXN1_Unit_Tests\CWXTSUBC_Unit_Tests\Unit Test\Scenarios\CWXTSUBC_Mgmt.testscenario">
    <testCase duration="0" name="Project: 'CWXTSUBC_Unit_Tests' Scenario: 'CWXTSUBC_Mgmt' Testcase: 'CWXTSUBCCase7' Test: Check for EMP_TYPE'">
      <failure message="Check for EMP_TYPE failed">Check for EMP_TYPE failed

Actual Value:    		M

Expected Value:  S</failure>
    </testCase>
    <testCase duration="0" name="Project: 'CWXTSUBC_Unit_Tests' Scenario: 'CWXTSUBC_Mgmt' Testcase: 'CWXTSUBCCase7' Test: Check for SALES_AMOUNT'"/>
    <testCase duration="0" name="Project: 'CWXTSUBC_Unit_Tests' Scenario: 'CWXTSUBC_Mgmt' Testcase: 'CWXTSUBCCase7' Test: Check for COMM_TOTAL'">
      <failure message="Check for COMM_TOTAL failed">Check for COMM_TOTAL failed

Actual Value:    		1500.00

Expected Value:  6000.00</failure>
    </testCase>
  </file>
</testExecutions>