<?xml version="1.0" encoding="UTF-8"?>
<?totaltestVersion 18.3.1.v20180327-2102_9?>
<!--Topaz for Total Test 18.3.1.v20180327-2102_9 01.06.2018 22:37:11-->
<testsuites>
  <testsuite errors="0" failures="2" name="Project: 'CWXTSUBC_Unit_Tests' Scenario: 'CWXTSUBC_Mgmt' Testcase: 'CWXTSUBCCase1'" tests="3">
    <testcase classname="Project: 'CWXTSUBC_Unit_Tests' Scenario: 'CWXTSUBC_Mgmt' Testcase: 'CWXTSUBCCase1'" name="Check for EMP_TYPE">
      <failure>Check for EMP_TYPE failed

Actual Value:    		M

Expected Value:  S</failure>
    </testcase>
    <testcase classname="Project: 'CWXTSUBC_Unit_Tests' Scenario: 'CWXTSUBC_Mgmt' Testcase: 'CWXTSUBCCase1'" name="Check for SALES_AMOUNT"/>
    <testcase classname="Project: 'CWXTSUBC_Unit_Tests' Scenario: 'CWXTSUBC_Mgmt' Testcase: 'CWXTSUBCCase1'" name="Check for COMM_TOTAL">
      <failure>Check for COMM_TOTAL failed

Actual Value:    		1100.00

Expected Value:  3300.00</failure>
    </testcase>
  </testsuite>
  <testsuite errors="0" failures="2" name="Project: 'CWXTSUBC_Unit_Tests' Scenario: 'CWXTSUBC_Mgmt' Testcase: 'CWXTSUBCCase2'" tests="3">
    <testcase classname="Project: 'CWXTSUBC_Unit_Tests' Scenario: 'CWXTSUBC_Mgmt' Testcase: 'CWXTSUBCCase2'" name="Check for EMP_TYPE">
      <failure>Check for EMP_TYPE failed

Actual Value:    		M

Expected Value:  S</failure>
    </testcase>
    <testcase classname="Project: 'CWXTSUBC_Unit_Tests' Scenario: 'CWXTSUBC_Mgmt' Testcase: 'CWXTSUBCCase2'" name="Check for SALES_AMOUNT"/>
    <testcase classname="Project: 'CWXTSUBC_Unit_Tests' Scenario: 'CWXTSUBC_Mgmt' Testcase: 'CWXTSUBCCase2'" name="Check for COMM_TOTAL">
      <failure>Check for COMM_TOTAL failed

Actual Value:    		500.00

Expected Value:  1000.00</failure>
    </testcase>
  </testsuite>
  <testsuite errors="0" failures="2" name="Project: 'CWXTSUBC_Unit_Tests' Scenario: 'CWXTSUBC_Mgmt' Testcase: 'CWXTSUBCCase3'" tests="3">
    <testcase classname="Project: 'CWXTSUBC_Unit_Tests' Scenario: 'CWXTSUBC_Mgmt' Testcase: 'CWXTSUBCCase3'" name="Check for EMP_TYPE">
      <failure>Check for EMP_TYPE failed

Actual Value:    		M

Expected Value:  S</failure>
    </testcase>
    <testcase classname="Project: 'CWXTSUBC_Unit_Tests' Scenario: 'CWXTSUBC_Mgmt' Testcase: 'CWXTSUBCCase3'" name="Check for SALES_AMOUNT"/>
    <testcase classname="Project: 'CWXTSUBC_Unit_Tests' Scenario: 'CWXTSUBC_Mgmt' Testcase: 'CWXTSUBCCase3'" name="Check for COMM_TOTAL">
      <failure>Check for COMM_TOTAL failed

Actual Value:    		1500.00

Expected Value:  6000.00</failure>
    </testcase>
  </testsuite>
  <testsuite errors="0" failures="2" name="Project: 'CWXTSUBC_Unit_Tests' Scenario: 'CWXTSUBC_Mgmt' Testcase: 'CWXTSUBCCase4'" tests="3">
    <testcase classname="Project: 'CWXTSUBC_Unit_Tests' Scenario: 'CWXTSUBC_Mgmt' Testcase: 'CWXTSUBCCase4'" name="Check for EMP_TYPE">
      <failure>Check for EMP_TYPE failed

Actual Value:    		M

Expected Value:  S</failure>
    </testcase>
    <testcase classname="Project: 'CWXTSUBC_Unit_Tests' Scenario: 'CWXTSUBC_Mgmt' Testcase: 'CWXTSUBCCase4'" name="Check for SALES_AMOUNT"/>
    <testcase classname="Project: 'CWXTSUBC_Unit_Tests' Scenario: 'CWXTSUBC_Mgmt' Testcase: 'CWXTSUBCCase4'" name="Check for COMM_TOTAL">
      <failure>Check for COMM_TOTAL failed

Actual Value:    		1111.00

Expected Value:  3333.00</failure>
    </testcase>
  </testsuite>
  <testsuite errors="0" failures="2" name="Project: 'CWXTSUBC_Unit_Tests' Scenario: 'CWXTSUBC_Mgmt' Testcase: 'CWXTSUBCCase5'" tests="3">
    <testcase classname="Project: 'CWXTSUBC_Unit_Tests' Scenario: 'CWXTSUBC_Mgmt' Testcase: 'CWXTSUBCCase5'" name="Check for EMP_TYPE">
      <failure>Check for EMP_TYPE failed

Actual Value:    		M

Expected Value:  S</failure>
    </testcase>
    <testcase classname="Project: 'CWXTSUBC_Unit_Tests' Scenario: 'CWXTSUBC_Mgmt' Testcase: 'CWXTSUBCCase5'" name="Check for SALES_AMOUNT"/>
    <testcase classname="Project: 'CWXTSUBC_Unit_Tests' Scenario: 'CWXTSUBC_Mgmt' Testcase: 'CWXTSUBCCase5'" name="Check for COMM_TOTAL">
      <failure>Check for COMM_TOTAL failed

Actual Value:    		1500.00

Expected Value:  6000.00</failure>
    </testcase>
  </testsuite>
  <testsuite errors="0" failures="2" name="Project: 'CWXTSUBC_Unit_Tests' Scenario: 'CWXTSUBC_Mgmt' Testcase: 'CWXTSUBCCase6'" tests="3">
    <testcase classname="Project: 'CWXTSUBC_Unit_Tests' Scenario: 'CWXTSUBC_Mgmt' Testcase: 'CWXTSUBCCase6'" name="Check for EMP_TYPE">
      <failure>Check for EMP_TYPE failed

Actual Value:    		M

Expected Value:  S</failure>
    </testcase>
    <testcase classname="Project: 'CWXTSUBC_Unit_Tests' Scenario: 'CWXTSUBC_Mgmt' Testcase: 'CWXTSUBCCase6'" name="Check for SALES_AMOUNT"/>
    <testcase classname="Project: 'CWXTSUBC_Unit_Tests' Scenario: 'CWXTSUBC_Mgmt' Testcase: 'CWXTSUBCCase6'" name="Check for COMM_TOTAL">
      <failure>Check for COMM_TOTAL failed

Actual Value:    		560.00

Expected Value:  1120.00</failure>
    </testcase>
  </testsuite>
  <testsuite errors="0" failures="2" name="Project: 'CWXTSUBC_Unit_Tests' Scenario: 'CWXTSUBC_Mgmt' Testcase: 'CWXTSUBCCase7'" tests="3">
    <testcase classname="Project: 'CWXTSUBC_Unit_Tests' Scenario: 'CWXTSUBC_Mgmt' Testcase: 'CWXTSUBCCase7'" name="Check for EMP_TYPE">
      <failure>Check for EMP_TYPE failed

Actual Value:    		M

Expected Value:  S</failure>
    </testcase>
    <testcase classname="Project: 'CWXTSUBC_Unit_Tests' Scenario: 'CWXTSUBC_Mgmt' Testcase: 'CWXTSUBCCase7'" name="Check for SALES_AMOUNT"/>
    <testcase classname="Project: 'CWXTSUBC_Unit_Tests' Scenario: 'CWXTSUBC_Mgmt' Testcase: 'CWXTSUBCCase7'" name="Check for COMM_TOTAL">
      <failure>Check for COMM_TOTAL failed

Actual Value:    		1500.00

Expected Value:  6000.00</failure>
    </testcase>
  </testsuite>
</testsuites>